<?xml version="1.0" encoding="UTF-8"?>
<!-- Generated by org.testng.reporters.JUnitXMLReporter -->
<testsuite ignored="0" hostname="LAPTOP-PPUC8LJE" failures="0" tests="1" name="Test-Firefox" time="19.044" errors="0" timestamp="2023-10-13T20:07:21 IST">
  <testcase classname="contactsTests.CreateContactB_C" name="createContactMethodTest" time="7.665"/>
</testsuite> <!-- Test-Firefox -->
