<?xml version="1.0" encoding="UTF-8"?>
<!-- Generated by org.testng.reporters.JUnitXMLReporter -->
<testsuite ignored="0" hostname="LAPTOP-PPUC8LJE" failures="0" tests="1" name="Test-1" time="23.336" errors="0" timestamp="2023-10-24T16:23:42 IST">
  <testcase classname="contactsTests.CreateContactWithOrganizationTest" name="createContactWithOrgTest" time="14.133"/>
</testsuite> <!-- Test-1 -->
