<?xml version="1.0" encoding="UTF-8"?>
<!-- Generated by org.testng.reporters.JUnitXMLReporter -->
<testsuite ignored="0" hostname="LAPTOP-PPUC8LJE" failures="0" tests="1" name="Test-Runner-2" time="48.409" errors="0" timestamp="2023-10-11T20:26:47 IST">
  <testcase classname="contactsTests.CreateContactWithOrgAndProductTest" name="createContactWithOrgAndProdTest" time="34.044"/>
</testsuite> <!-- Test-Runner-2 -->
