<?xml version="1.0" encoding="UTF-8"?>
<!-- Generated by org.testng.reporters.JUnitXMLReporter -->
<testsuite ignored="0" hostname="LAPTOP-PPUC8LJE" failures="0" tests="1" name="Test-Chrome" time="0.028" errors="0" timestamp="2023-10-13T20:04:05 IST">
  <testcase classname="contactsTests.CreateContactB_C" name="createContactMethodTest" time="0.0">
    <skipped/>
  </testcase> <!-- createContactMethodTest -->
</testsuite> <!-- Test-Chrome -->
