<?xml version="1.0" encoding="UTF-8"?>
<!-- Generated by org.testng.reporters.JUnitXMLReporter -->
<testsuite ignored="0" hostname="LAPTOP-PPUC8LJE" failures="0" tests="1" name="Test-Runner-1" time="36.234" errors="0" timestamp="2023-10-11T20:26:35 IST">
  <testcase classname="contactsTests.CreateContactB_C" name="createContactMethodTest" time="21.324"/>
</testsuite> <!-- Test-Runner-1 -->
