<?xml version="1.0" encoding="UTF-8"?>
<!-- Generated by org.testng.reporters.JUnitReportReporter -->
<testsuite hostname="LAPTOP-PPUC8LJE" failures="0" tests="1" name="practice.ShoppingCartApplication" time="11.489" errors="0" timestamp="2024-02-02T13:01:47 IST" skipped="0">
  <testcase classname="practice.ShoppingCartApplication" name="main" time="11.489"/>
</testsuite> <!-- practice.ShoppingCartApplication -->
