<?xml version="1.0" encoding="UTF-8"?>
<!-- Generated by org.testng.reporters.JUnitReportReporter -->
<testsuite hostname="LAPTOP-PPUC8LJE" failures="0" tests="2" name="contactsTests.CreateContactB_C_Test" time="16.373" errors="0" timestamp="2023-11-02T17:15:51 IST" skipped="0">
  <testcase classname="contactsTests.CreateContactB_C_Test" name="createContactMethodTest" time="11.363">
    <system-out>
      <![CDATA[Navigate to contacts 
Click on lookup image
Fill all required details in contats page
Verification, whether contact is created or not]]>
    </system-out>
  </testcase> <!-- createContactMethodTest -->
  <testcase classname="contactsTests.CreateContactB_C_Test" name="demoFail" time="5.010"/>
  <system-out>
    <![CDATA[Navigate to contacts 
Click on lookup image
Fill all required details in contats page
Verification, whether contact is created or not]]>
  </system-out>
</testsuite> <!-- contactsTests.CreateContactB_C_Test -->
