<?xml version="1.0" encoding="UTF-8"?>
<!-- Generated by org.testng.reporters.JUnitReportReporter -->
<testsuite hostname="LAPTOP-PPUC8LJE" failures="0" tests="1" name="contactsTests.CreateContactWithOrgAndProductTest" time="22.096" errors="0" timestamp="2023-11-02T17:15:51 IST" skipped="0">
  <testcase classname="contactsTests.CreateContactWithOrgAndProductTest" name="createContactWithOrgAndProdTest" time="22.096"/>
  <system-out>
    <![CDATA[Navigate to contacts 
Click on lookup image
Fill all required details in contats page
Verification, whether contact is created or not]]>
  </system-out>
</testsuite> <!-- contactsTests.CreateContactWithOrgAndProductTest -->
