<?xml version="1.0" encoding="UTF-8"?>
<!-- Generated by org.testng.reporters.JUnitReportReporter -->
<testsuite hostname="LAPTOP-PPUC8LJE" failures="0" tests="1" name="cloud.Example" time="0.012" errors="0" timestamp="2023-12-15T08:09:03 IST" skipped="0">
  <testcase classname="cloud.Example" name="test" time="0.012"/>
</testsuite> <!-- cloud.Example -->
