<?xml version="1.0" encoding="UTF-8"?>
<!-- Generated by org.testng.reporters.JUnitReportReporter -->
<testsuite hostname="LAPTOP-PPUC8LJE" failures="0" tests="1" name="contactsTests.CreateContactTest" time="43.958" errors="0" timestamp="2023-10-31T20:27:10 IST" skipped="0">
  <testcase classname="contactsTests.CreateContactTest" name="createContactMethodTest" time="43.958"/>
</testsuite> <!-- contactsTests.CreateContactTest -->
