<?xml version="1.0" encoding="UTF-8"?>
<!-- Generated by org.testng.reporters.JUnitReportReporter -->
<testsuite hostname="LAPTOP-PPUC8LJE" failures="0" tests="1" name="organizationTests.CreateOrganizationTest" time="12.128" errors="0" timestamp="2023-11-07T15:49:56 IST" skipped="0">
  <testcase classname="organizationTests.CreateOrganizationTest" name="createOrgTest" time="12.128"/>
  <system-out>
    <![CDATA[Navigate to contacts 
Click on lookup image
Fill all required details in contats page
Verification, whether contact is created or not]]>
  </system-out>
</testsuite> <!-- organizationTests.CreateOrganizationTest -->
