<?xml version="1.0" encoding="UTF-8"?>
<!-- Generated by org.testng.reporters.JUnitReportReporter -->
<testsuite hostname="LAPTOP-PPUC8LJE" failures="0" tests="3" name="practice.TestNGPractice" time="0.012" errors="0" timestamp="2023-10-03T20:31:30 IST" skipped="0">
  <testcase classname="practice.TestNGPractice" name="createCustomer" time="0.008"/>
  <testcase classname="practice.TestNGPractice" name="modifyCustomer" time="0.002"/>
  <testcase classname="practice.TestNGPractice" name="deleteCustomer" time="0.002"/>
</testsuite> <!-- practice.TestNGPractice -->
