<?xml version="1.0" encoding="UTF-8"?>
<!-- Generated by org.testng.reporters.JUnitReportReporter -->
<testsuite hostname="LAPTOP-PPUC8LJE" failures="0" tests="1" name="practice.Newtest" time="0.011" errors="0" timestamp="2024-02-01T13:57:37 IST" skipped="0">
  <testcase classname="practice.Newtest" name="main" time="0.011"/>
</testsuite> <!-- practice.Newtest -->
