<?xml version="1.0" encoding="UTF-8"?>
<!-- Generated by org.testng.reporters.JUnitReportReporter -->
<testsuite hostname="LAPTOP-PPUC8LJE" failures="0" tests="1" name="practice.AssertionPractice" time="0.007" errors="0" timestamp="2023-11-01T15:13:34 IST" skipped="0">
  <testcase classname="practice.AssertionPractice" name="assertion" time="0.007"/>
</testsuite> <!-- practice.AssertionPractice -->
