<?xml version="1.0" encoding="UTF-8"?>
<!-- Generated by org.testng.reporters.JUnitReportReporter -->
<testsuite hostname="LAPTOP-PPUC8LJE" failures="0" tests="4" name="testNGpractice.TestNGPractice" time="0.004" errors="0" timestamp="2023-11-07T12:28:05 IST" skipped="0">
  <testcase classname="testNGpractice.TestNGPractice" name="createCustomer" time="0.001"/>
  <testcase classname="testNGpractice.TestNGPractice" name="createCustomer" time="0.001"/>
  <testcase classname="testNGpractice.TestNGPractice" name="modifyCustomer" time="0.001"/>
  <testcase classname="testNGpractice.TestNGPractice" name="deleteCustomer" time="0.001"/>
</testsuite> <!-- testNGpractice.TestNGPractice -->
