<?xml version="1.0" encoding="UTF-8"?>
<!-- Generated by org.testng.reporters.JUnitReportReporter -->
<testsuite hostname="LAPTOP-PPUC8LJE" failures="0" tests="1" name="testNGpractice.AssertPractice" time="0.007" errors="0" timestamp="2023-11-14T16:07:44 IST" skipped="0">
  <testcase classname="testNGpractice.AssertPractice" name="tryCatch" time="0.007"/>
</testsuite> <!-- testNGpractice.AssertPractice -->
