<?xml version="1.0" encoding="UTF-8"?>
<!-- Generated by org.testng.reporters.JUnitReportReporter -->
<testsuite hostname="LAPTOP-PPUC8LJE" failures="0" tests="5" name="organizationTests.CreaateMultipleOrganizationTest" time="60.424" errors="0" timestamp="2023-11-07T14:43:30 IST" skipped="0">
  <testcase classname="organizationTests.CreaateMultipleOrganizationTest" name="createMultipleOrg" time="10.323"/>
  <testcase classname="organizationTests.CreaateMultipleOrganizationTest" name="createMultipleOrg" time="17.741"/>
  <testcase classname="organizationTests.CreaateMultipleOrganizationTest" name="createMultipleOrg" time="12.683"/>
  <testcase classname="organizationTests.CreaateMultipleOrganizationTest" name="createMultipleOrg" time="9.847"/>
  <testcase classname="organizationTests.CreaateMultipleOrganizationTest" name="createMultipleOrg" time="9.830"/>
</testsuite> <!-- organizationTests.CreaateMultipleOrganizationTest -->
