<?xml version="1.0" encoding="UTF-8"?>
<!-- Generated by org.testng.reporters.JUnitReportReporter -->
<testsuite hostname="LAPTOP-PPUC8LJE" failures="0" tests="2" name="contactsTests.CreateContactB_C_Test" time="40.847" errors="0" timestamp="2023-11-01T20:20:19 IST" skipped="0">
  <testcase classname="contactsTests.CreateContactB_C_Test" name="demoFail" time="10.027"/>
  <testcase classname="contactsTests.CreateContactB_C_Test" name="createContactMethodTest" time="30.820">
    <system-out>
      <![CDATA[Navigate to contacts 
Click on lookup image
Fill all required details in contats page
Verification, whether contact is created or not]]>
    </system-out>
  </testcase> <!-- createContactMethodTest -->
  <system-out>
    <![CDATA[Navigate to contacts 
Click on lookup image
Fill all required details in contats page
Verification, whether contact is created or not]]>
  </system-out>
</testsuite> <!-- contactsTests.CreateContactB_C_Test -->
