<?xml version="1.0" encoding="UTF-8"?>
<!-- Generated by org.testng.reporters.JUnitReportReporter -->
<testsuite hostname="LAPTOP-PPUC8LJE" failures="0" tests="1" name="practice.MyTestEx" time="16.056" errors="0" timestamp="2024-01-26T11:16:04 IST" skipped="0">
  <testcase classname="practice.MyTestEx" name="main" time="16.056"/>
</testsuite> <!-- practice.MyTestEx -->
