<?xml version="1.0" encoding="UTF-8"?>
<!-- Generated by org.testng.reporters.JUnitReportReporter -->
<testsuite hostname="LAPTOP-PPUC8LJE" failures="0" tests="1" name="testNGpractice.Assert" time="0.014" errors="0" timestamp="2023-11-28T16:24:55 IST" skipped="0">
  <testcase classname="testNGpractice.Assert" name="test" time="0.014"/>
</testsuite> <!-- testNGpractice.Assert -->
