<?xml version="1.0" encoding="UTF-8"?>
<!-- Generated by org.testng.reporters.JUnitReportReporter -->
<testsuite hostname="LAPTOP-PPUC8LJE" failures="0" tests="1" name="contactsTests.CreateContactTest" time="28.778" errors="0" timestamp="2023-10-24T15:59:46 IST" skipped="0">
  <testcase classname="contactsTests.CreateContactTest" name="createContactMethodTest" time="28.778"/>
</testsuite> <!-- contactsTests.CreateContactTest -->
