<?xml version="1.0" encoding="UTF-8"?>
<!-- Generated by org.testng.reporters.JUnitReportReporter -->
<testsuite hostname="LAPTOP-PPUC8LJE" failures="0" tests="2" name="testNGpractice.TestNGPractice5" time="0.010" errors="0" timestamp="2023-11-07T12:28:05 IST" skipped="0">
  <testcase classname="testNGpractice.TestNGPractice5" name="Testng5" time="0.009"/>
  <testcase classname="testNGpractice.TestNGPractice5" name="Testng55" time="0.001"/>
</testsuite> <!-- testNGpractice.TestNGPractice5 -->
