<?xml version="1.0" encoding="UTF-8"?>
<!-- Generated by org.testng.reporters.JUnitReportReporter -->
<testsuite hostname="LAPTOP-PPUC8LJE" failures="0" tests="1" name="regionalRegression.CreateContactB_C_Test" time="9.840" errors="0" timestamp="2023-11-07T16:22:35 IST" skipped="0">
  <testcase classname="regionalRegression.CreateContactB_C_Test" name="createContactMethodTest" time="9.840">
    <system-out>
      <![CDATA[Navigate to contacts 
Click on lookup image
Fill all required details in contats page
Verification, whether contact is created or not]]>
    </system-out>
  </testcase> <!-- createContactMethodTest -->
  <system-out>
    <![CDATA[Navigate to contacts 
Click on lookup image
Fill all required details in contats page
Verification, whether contact is created or not]]>
  </system-out>
</testsuite> <!-- regionalRegression.CreateContactB_C_Test -->
