<?xml version="1.0" encoding="UTF-8"?>
<!-- Generated by org.testng.reporters.JUnitReportReporter -->
<testsuite hostname="LAPTOP-PPUC8LJE" failures="0" tests="1" name="organizationTests.CreateOrganiationWithIndustryTest" time="11.749" errors="0" timestamp="2023-10-25T11:13:55 IST" skipped="0">
  <testcase classname="organizationTests.CreateOrganiationWithIndustryTest" name="createOrgWithIndustryTest" time="11.749"/>
</testsuite> <!-- organizationTests.CreateOrganiationWithIndustryTest -->
