<?xml version="1.0" encoding="UTF-8"?>
<!-- Generated by org.testng.reporters.JUnitReportReporter -->
<testsuite hostname="LAPTOP-PPUC8LJE" failures="0" tests="3" name="practice.DataProviderPractice" time="0.011" errors="0" timestamp="2023-10-05T20:07:32 IST" skipped="0">
  <testcase classname="practice.DataProviderPractice" name="addProductToCart" time="0.006"/>
  <testcase classname="practice.DataProviderPractice" name="addProductToCart" time="0.002"/>
  <testcase classname="practice.DataProviderPractice" name="addProductToCart" time="0.003"/>
</testsuite> <!-- practice.DataProviderPractice -->
