<?xml version="1.0" encoding="UTF-8"?>
<!-- Generated by org.testng.reporters.JUnitReportReporter -->
<testsuite hostname="LAPTOP-PPUC8LJE" failures="0" tests="3" name="cloud.BrowserStackRun" time="32.255" errors="0" timestamp="2023-11-03T21:13:38 IST" skipped="0">
  <testcase classname="cloud.BrowserStackRun" name="browserRun" time="10.614"/>
  <testcase classname="cloud.BrowserStackRun" name="browserRun" time="10.512"/>
  <testcase classname="cloud.BrowserStackRun" name="browserRun" time="11.129"/>
</testsuite> <!-- cloud.BrowserStackRun -->
