<?xml version="1.0" encoding="UTF-8"?>
<!-- Generated by org.testng.reporters.JUnitReportReporter -->
<testsuite hostname="LAPTOP-PPUC8LJE" failures="0" tests="2" name="contactsTests.CreateContactWithOrganizationTest" time="38.354" errors="0" timestamp="2023-10-24T16:23:42 IST" skipped="0">
  <testcase classname="contactsTests.CreateContactWithOrganizationTest" name="createContactWithOrgTest" time="19.255"/>
  <testcase classname="contactsTests.CreateContactWithOrganizationTest" name="createContactWithOrgTest" time="19.099"/>
</testsuite> <!-- contactsTests.CreateContactWithOrganizationTest -->
