<?xml version="1.0" encoding="UTF-8"?>
<!-- Generated by org.testng.reporters.JUnitReportReporter -->
<testsuite hostname="LAPTOP-PPUC8LJE" failures="0" tests="2" name="testNGpractice.TestNGPractice2" time="0.004" errors="0" timestamp="2023-11-07T12:28:05 IST" skipped="0">
  <testcase classname="testNGpractice.TestNGPractice2" name="TestNG2" time="0.002"/>
  <testcase classname="testNGpractice.TestNGPractice2" name="TestNG_M2" time="0.002"/>
</testsuite> <!-- testNGpractice.TestNGPractice2 -->
